#
# There is insufficient memory for the Java Runtime Environment to continue.
# Native memory allocation (malloc) failed to allocate 240096 bytes for Chunk::new
# Possible reasons:
#   The system is out of physical RAM or swap space
#   The process is running with CompressedOops enabled, and the Java Heap may be blocking the growth of the native heap
# Possible solutions:
#   Reduce memory load on the system
#   Increase physical memory or swap space
#   Check if swap backing store is full
#   Decrease Java heap size (-Xmx/-Xms)
#   Decrease number of Java threads
#   Decrease Java thread stack sizes (-Xss)
#   Set larger code cache with -XX:ReservedCodeCacheSize=
#   JVM is running with Unscaled Compressed Oops mode in which the Java heap is
#     placed in the first 4GB address space. The Java Heap base address is the
#     maximum limit for the native heap growth. Please use -XX:HeapBaseMinAddress
#     to set the Java Heap base and to place the Java Heap above 4GB virtual address.
# This output file may be truncated or incomplete.
#
#  Out of Memory Error (arena.cpp:195), pid=5072, tid=7928
#
# JRE version: Java(TM) SE Runtime Environment (16.0.2+7) (build 16.0.2+7-67)
# Java VM: Java HotSpot(TM) 64-Bit Server VM (16.0.2+7-67, mixed mode, sharing, tiered, compressed oops, compressed class ptrs, parallel gc, windows-amd64)
# No core dump will be written. Minidumps are not enabled by default on client versions of Windows
#

---------------  S U M M A R Y ------------

Command Line: --add-modules=ALL-SYSTEM --add-opens=java.base/java.util=ALL-UNNAMED --add-opens=java.base/java.lang=ALL-UNNAMED -Declipse.application=org.eclipse.jdt.ls.core.id1 -Dosgi.bundles.defaultStartLevel=4 -Declipse.product=org.eclipse.jdt.ls.core.product -Dfile.encoding=utf8 -DwatchParentProcess=false -XX:+UseParallelGC -XX:GCTimeRatio=4 -XX:AdaptiveSizePolicyWeight=90 -Dsun.zip.disableMemoryMapping=true -Xmx1G -Xms100m c:\Users\user\.vscode\extensions\redhat.java-1.0.0\server\plugins\org.eclipse.equinox.launcher_1.6.400.v20210924-0641.jar -configuration c:\Users\user\AppData\Roaming\Code\User\globalStorage\redhat.java\1.0.0\config_win -data c:\Users\user\AppData\Roaming\Code\User\workspaceStorage\3e70f84553d5a5b6e52f2f572402ba21\redhat.java\jdt_ws

Host: Intel(R) Core(TM) i3-3120M CPU @ 2.50GHz, 4 cores, 3G,  Windows 10 , 64 bit Build 19041 (10.0.19041.1202)
Time: Thu Nov  4 18:17:25 2021 SE Asia Standard Time elapsed time: 203.592633 seconds (0d 0h 3m 23s)

---------------  T H R E A D  ---------------

Current thread (0x0000011efe8c1f80):  JavaThread "C2 CompilerThread0" daemon [_thread_in_native, id=7928, stack(0x000000180e300000,0x000000180e400000)]


Current CompileTask:
C2: 203592 2758       4       sun.util.locale.BaseLocale::getInstance (186 bytes)

Stack: [0x000000180e300000,0x000000180e400000]
Native frames: (J=compiled Java code, j=interpreted, Vv=VM code, C=native code)
V  [jvm.dll+0x6681ca]
V  [jvm.dll+0x7c9e69]
V  [jvm.dll+0x7cb61e]
V  [jvm.dll+0x7cbc73]
V  [jvm.dll+0x242c55]
V  [jvm.dll+0xadeba]
V  [jvm.dll+0xae45c]
V  [jvm.dll+0x2a4cdf]
V  [jvm.dll+0x573c29]
V  [jvm.dll+0x21e48e]
V  [jvm.dll+0x217476]
V  [jvm.dll+0x214ffc]
V  [jvm.dll+0x1a1beb]
V  [jvm.dll+0x225158]
V  [jvm.dll+0x22319c]
V  [jvm.dll+0x77fa62]
V  [jvm.dll+0x7795aa]
V  [jvm.dll+0x667066]
C  [ucrtbase.dll+0x21bb2]
C  [KERNEL32.DLL+0x17034]
C  [ntdll.dll+0x52651]


---------------  P R O C E S S  ---------------

Threads class SMR info:
_java_thread_list=0x0000011effe102f0, length=22, elements={
0x0000011ee5ffbb00, 0x0000011ee60dbc80, 0x0000011ee60dd420, 0x0000011efe8b7920,
0x0000011efe8b87e0, 0x0000011efe8bbce0, 0x0000011efe8c06c0, 0x0000011efe8c1f80,
0x0000011efe8c6330, 0x0000011efe8cfce0, 0x0000011effac78f0, 0x0000011effb96d00,
0x0000011effce4ee0, 0x0000011e808480d0, 0x0000011e8084cdb0, 0x0000011effb00800,
0x0000011effe38d50, 0x0000011e80dd93c0, 0x0000011e80ad16b0, 0x0000011e80ad3140,
0x0000011e80ad3be0, 0x0000011e80ad3690
}

Java Threads: ( => current thread )
  0x0000011ee5ffbb00 JavaThread "main" [_thread_blocked, id=14040, stack(0x000000180da00000,0x000000180db00000)]
  0x0000011ee60dbc80 JavaThread "Reference Handler" daemon [_thread_blocked, id=9428, stack(0x000000180dd00000,0x000000180de00000)]
  0x0000011ee60dd420 JavaThread "Finalizer" daemon [_thread_blocked, id=13108, stack(0x000000180de00000,0x000000180df00000)]
  0x0000011efe8b7920 JavaThread "Signal Dispatcher" daemon [_thread_blocked, id=10456, stack(0x000000180df00000,0x000000180e000000)]
  0x0000011efe8b87e0 JavaThread "Attach Listener" daemon [_thread_blocked, id=11172, stack(0x000000180e000000,0x000000180e100000)]
  0x0000011efe8bbce0 JavaThread "Service Thread" daemon [_thread_blocked, id=2584, stack(0x000000180e100000,0x000000180e200000)]
  0x0000011efe8c06c0 JavaThread "Monitor Deflation Thread" daemon [_thread_blocked, id=5564, stack(0x000000180e200000,0x000000180e300000)]
=>0x0000011efe8c1f80 JavaThread "C2 CompilerThread0" daemon [_thread_in_native, id=7928, stack(0x000000180e300000,0x000000180e400000)]
  0x0000011efe8c6330 JavaThread "C1 CompilerThread0" daemon [_thread_blocked, id=8256, stack(0x000000180e400000,0x000000180e500000)]
  0x0000011efe8cfce0 JavaThread "Sweeper thread" daemon [_thread_blocked, id=7744, stack(0x000000180e500000,0x000000180e600000)]
  0x0000011effac78f0 JavaThread "Common-Cleaner" daemon [_thread_blocked, id=14216, stack(0x000000180e600000,0x000000180e700000)]
  0x0000011effb96d00 JavaThread "Notification Thread" daemon [_thread_blocked, id=8188, stack(0x000000180e700000,0x000000180e800000)]
  0x0000011effce4ee0 JavaThread "Active Thread: Equinox Container: c6575c27-1247-4777-a71b-89d237241ffa" [_thread_blocked, id=3768, stack(0x000000180e900000,0x000000180ea00000)]
  0x0000011e808480d0 JavaThread "Framework Event Dispatcher: Equinox Container: c6575c27-1247-4777-a71b-89d237241ffa" daemon [_thread_blocked, id=12992, stack(0x000000180ed00000,0x000000180ee00000)]
  0x0000011e8084cdb0 JavaThread "Start Level: Equinox Container: c6575c27-1247-4777-a71b-89d237241ffa" daemon [_thread_in_native, id=7716, stack(0x000000180ee00000,0x000000180ef00000)]
  0x0000011effb00800 JavaThread "SCR Component Actor" daemon [_thread_blocked, id=8968, stack(0x000000180ef00000,0x000000180f000000)]
  0x0000011effe38d50 JavaThread "Bundle File Closer" daemon [_thread_blocked, id=7232, stack(0x000000180f000000,0x000000180f100000)]
  0x0000011e80dd93c0 JavaThread "Worker-JM" [_thread_blocked, id=10560, stack(0x000000180f200000,0x000000180f300000)]
  0x0000011e80ad16b0 JavaThread "Worker-0" [_thread_blocked, id=13240, stack(0x000000180f100000,0x000000180f200000)]
  0x0000011e80ad3140 JavaThread "Worker-1" [_thread_blocked, id=13176, stack(0x000000180f300000,0x000000180f400000)]
  0x0000011e80ad3be0 JavaThread "Java indexing" daemon [_thread_blocked, id=6476, stack(0x000000180f400000,0x000000180f500000)]
  0x0000011e80ad3690 JavaThread "Worker-2" [_thread_blocked, id=7096, stack(0x000000180f500000,0x000000180f600000)]

Other Threads:
  0x0000011efe8a60b0 VMThread "VM Thread" [stack: 0x000000180dc00000,0x000000180dd00000] [id=6132]
  0x0000011effbb9cb0 WatcherThread [stack: 0x000000180e800000,0x000000180e900000] [id=6208]
  0x0000011ee60141d0 GCTaskThread "GC Thread#0" [stack: 0x000000180db00000,0x000000180dc00000] [id=9252]
  0x0000011e80a339e0 GCTaskThread "GC Thread#1" [stack: 0x000000180ea00000,0x000000180eb00000] [id=5000]
  0x0000011e80845690 GCTaskThread "GC Thread#2" [stack: 0x000000180eb00000,0x000000180ec00000] [id=12564]
  0x0000011e808459a0 GCTaskThread "GC Thread#3" [stack: 0x000000180ec00000,0x000000180ed00000] [id=6852]

Threads with active compile tasks:
C2 CompilerThread0   204923 2758       4       sun.util.locale.BaseLocale::getInstance (186 bytes)

VM state: not at safepoint (normal execution)

VM Mutex/Monitor currently owned by a thread: None

Heap address: 0x00000000c0000000, size: 1024 MB, Compressed Oops mode: 32-bit

CDS archive(s) mapped at: [0x0000000800000000-0x0000000800bb0000-0x0000000800bb0000), size 12255232, SharedBaseAddress: 0x0000000800000000, ArchiveRelocationMode: 0.
Compressed class space mapped at: 0x0000000800c00000-0x0000000840c00000, reserved size: 1073741824
Narrow klass base: 0x0000000800000000, Narrow klass shift: 3, Narrow klass range: 0x100000000

GC Precious Log:
 CPUs: 4 total, 4 available
 Memory: 3982M
 Large Page Support: Disabled
 NUMA Support: Disabled
 Compressed Oops: Enabled (32-bit)
 Alignments: Space 512K, Generation 512K, Heap 2M
 Heap Min Capacity: 100M
 Heap Initial Capacity: 100M
 Heap Max Capacity: 1G
 Pre-touch: Disabled
 Parallel Workers: 4

Heap:
 PSYoungGen      total 29696K, used 11936K [0x00000000eab00000, 0x00000000ecc00000, 0x0000000100000000)
  eden space 25600K, 46% used [0x00000000eab00000,0x00000000eb6a8300,0x00000000ec400000)
  from space 4096K, 0% used [0x00000000ec400000,0x00000000ec400000,0x00000000ec800000)
  to   space 4096K, 0% used [0x00000000ec800000,0x00000000ec800000,0x00000000ecc00000)
 ParOldGen       total 68608K, used 10410K [0x00000000c0000000, 0x00000000c4300000, 0x00000000eab00000)
  object space 68608K, 15% used [0x00000000c0000000,0x00000000c0a2a890,0x00000000c4300000)
 Metaspace       used 23269K, committed 23872K, reserved 1073152K
  class space    used 2196K, committed 2496K, reserved 1048576K

Card table byte_map: [0x0000011ee59c0000,0x0000011ee5bd0000] _byte_map_base: 0x0000011ee53c0000

Marking Bits: (ParMarkBitMap*) 0x00007ffb222b0b20
 Begin Bits: [0x0000011efc780000, 0x0000011efd780000)
 End Bits:   [0x0000011efd780000, 0x0000011efe780000)

Polling page: 0x0000011ee3e20000

Metaspace:

Usage:
  Non-class:     20.58 MB used.
      Class:      2.14 MB used.
       Both:     22.72 MB used.

Virtual space:
  Non-class space:       24.00 MB reserved,      20.88 MB ( 87%) committed,  3 nodes.
      Class space:        1.00 GB reserved,       2.44 MB ( <1%) committed,  1 nodes.
              Both:        1.02 GB reserved,      23.31 MB (  2%) committed. 

Chunk freelists:
   Non-Class:  3.14 MB
       Class:  1.61 MB
        Both:  4.75 MB

MaxMetaspaceSize: 17179869184.00 GB
CompressedClassSpaceSize: 1.00 GB
 - commit_granule_bytes: 65536.
 - commit_granule_words: 8192.
 - virtual_space_node_default_size: 1048576.
 - enlarge_chunks_in_place: 1.
 - new_chunks_are_fully_committed: 0.
 - uncommit_free_chunks: 1.
 - use_allocation_guard: 0.
 - handle_deallocations: 1.


Internal statistics:

num_allocs_failed_limit: 3.
num_arena_births: 216.
num_arena_deaths: 0.
num_vsnodes_births: 4.
num_vsnodes_deaths: 0.
num_space_committed: 373.
num_space_uncommitted: 0.
num_chunks_returned_to_freelist: 3.
num_chunks_taken_from_freelist: 1014.
num_chunk_merges: 3.
num_chunk_splits: 698.
num_chunks_enlarged: 482.
num_purges: 0.

CodeHeap 'non-profiled nmethods': size=120000Kb used=960Kb max_used=960Kb free=119039Kb
 bounds [0x0000011ef5250000, 0x0000011ef54c0000, 0x0000011efc780000]
CodeHeap 'profiled nmethods': size=120000Kb used=5809Kb max_used=5809Kb free=114190Kb
 bounds [0x0000011eedd20000, 0x0000011eee2d0000, 0x0000011ef5250000]
CodeHeap 'non-nmethods': size=5760Kb used=1238Kb max_used=1259Kb free=4521Kb
 bounds [0x0000011eed780000, 0x0000011eed9f0000, 0x0000011eedd20000]
 total_blobs=3301 nmethods=2757 adapters=458
 compilation: enabled
              stopped_count=0, restarted_count=0
 full_count=0

Compilation events (20 events):
Event: 193.215 Thread 0x0000011efe8c1f80 nmethod 2747 0x0000011ef533af10 code [0x0000011ef533b0a0, 0x0000011ef533b1f8]
Event: 193.353 Thread 0x0000011efe8c1f80 2748       4       java.lang.reflect.AccessibleObject::checkAccess (40 bytes)
Event: 196.384 Thread 0x0000011efe8c6330 2750       3       java.lang.Package::<init> (47 bytes)
Event: 196.385 Thread 0x0000011efe8c6330 nmethod 2750 0x0000011eee2bd690 code [0x0000011eee2bd880, 0x0000011eee2bdca8]
Event: 196.385 Thread 0x0000011efe8c6330 2751       3       java.lang.Package$VersionInfo::getInstance (53 bytes)
Event: 196.386 Thread 0x0000011efe8c6330 nmethod 2751 0x0000011eee2bdf10 code [0x0000011eee2be0e0, 0x0000011eee2be4c8]
Event: 196.394 Thread 0x0000011efe8c1f80 nmethod 2748 0x0000011ef533b390 code [0x0000011ef533b5a0, 0x0000011ef533c828]
Event: 196.394 Thread 0x0000011efe8c1f80 2749       4       java.lang.reflect.AccessibleObject::verifyAccess (55 bytes)
Event: 197.424 Thread 0x0000011efe8c1f80 nmethod 2749 0x0000011ef533d610 code [0x0000011ef533d820, 0x0000011ef533e6a8]
Event: 197.424 Thread 0x0000011efe8c1f80 2752       4       java.util.Collections$EmptyList::iterator (4 bytes)
Event: 197.425 Thread 0x0000011efe8c1f80 nmethod 2752 0x0000011ef533f310 code [0x0000011ef533f4a0, 0x0000011ef533f518]
Event: 197.958 Thread 0x0000011efe8c6330 2753       3       sun.util.locale.InternalLocaleBuilder::setExtensions (206 bytes)
Event: 197.960 Thread 0x0000011efe8c1f80 2755       4       sun.util.locale.LocaleUtils::toLowerString (95 bytes)
Event: 197.963 Thread 0x0000011efe8c6330 nmethod 2753 0x0000011eee2be590 code [0x0000011eee2bea80, 0x0000011eee2c1378]
Event: 197.963 Thread 0x0000011efe8c6330 2754       3       sun.util.locale.LocaleUtils::caseIgnoreMatch (73 bytes)
Event: 197.965 Thread 0x0000011efe8c6330 nmethod 2754 0x0000011eee2c2110 code [0x0000011eee2c2400, 0x0000011eee2c3658]
Event: 197.965 Thread 0x0000011efe8c6330 2756       3       sun.util.locale.BaseLocale$Key::equals (109 bytes)
Event: 197.966 Thread 0x0000011efe8c6330 nmethod 2756 0x0000011eee2c3e10 code [0x0000011eee2c4080, 0x0000011eee2c4df8]
Event: 197.968 Thread 0x0000011efe8c1f80 nmethod 2755 0x0000011ef533f610 code [0x0000011ef533f7e0, 0x0000011ef533fdb8]
Event: 197.969 Thread 0x0000011efe8c1f80 2758       4       sun.util.locale.BaseLocale::getInstance (186 bytes)

GC Heap History (8 events):
Event: 27.695 GC heap before
{Heap before GC invocations=1 (full 0):
 PSYoungGen      total 29696K, used 25600K [0x00000000eab00000, 0x00000000ecc00000, 0x0000000100000000)
  eden space 25600K, 100% used [0x00000000eab00000,0x00000000ec400000,0x00000000ec400000)
  from space 4096K, 0% used [0x00000000ec800000,0x00000000ec800000,0x00000000ecc00000)
  to   space 4096K, 0% used [0x00000000ec400000,0x00000000ec400000,0x00000000ec800000)
 ParOldGen       total 68608K, used 0K [0x00000000c0000000, 0x00000000c4300000, 0x00000000eab00000)
  object space 68608K, 0% used [0x00000000c0000000,0x00000000c0000000,0x00000000c4300000)
 Metaspace       used 6958K, committed 7104K, reserved 1056768K
  class space    used 650K, committed 704K, reserved 1048576K
}
Event: 27.789 GC heap after
{Heap after GC invocations=1 (full 0):
 PSYoungGen      total 29696K, used 4064K [0x00000000eab00000, 0x00000000ecc00000, 0x0000000100000000)
  eden space 25600K, 0% used [0x00000000eab00000,0x00000000eab00000,0x00000000ec400000)
  from space 4096K, 99% used [0x00000000ec400000,0x00000000ec7f83c8,0x00000000ec800000)
  to   space 4096K, 0% used [0x00000000ec800000,0x00000000ec800000,0x00000000ecc00000)
 ParOldGen       total 68608K, used 590K [0x00000000c0000000, 0x00000000c4300000, 0x00000000eab00000)
  object space 68608K, 0% used [0x00000000c0000000,0x00000000c0093820,0x00000000c4300000)
 Metaspace       used 6958K, committed 7104K, reserved 1056768K
  class space    used 650K, committed 704K, reserved 1048576K
}
Event: 70.667 GC heap before
{Heap before GC invocations=2 (full 0):
 PSYoungGen      total 29696K, used 29664K [0x00000000eab00000, 0x00000000ecc00000, 0x0000000100000000)
  eden space 25600K, 100% used [0x00000000eab00000,0x00000000ec400000,0x00000000ec400000)
  from space 4096K, 99% used [0x00000000ec400000,0x00000000ec7f83c8,0x00000000ec800000)
  to   space 4096K, 0% used [0x00000000ec800000,0x00000000ec800000,0x00000000ecc00000)
 ParOldGen       total 68608K, used 590K [0x00000000c0000000, 0x00000000c4300000, 0x00000000eab00000)
  object space 68608K, 0% used [0x00000000c0000000,0x00000000c0093820,0x00000000c4300000)
 Metaspace       used 13826K, committed 14208K, reserved 1064960K
  class space    used 1326K, committed 1472K, reserved 1048576K
}
Event: 70.685 GC heap after
{Heap after GC invocations=2 (full 0):
 PSYoungGen      total 29696K, used 4074K [0x00000000eab00000, 0x00000000ecc00000, 0x0000000100000000)
  eden space 25600K, 0% used [0x00000000eab00000,0x00000000eab00000,0x00000000ec400000)
  from space 4096K, 99% used [0x00000000ec800000,0x00000000ecbfa918,0x00000000ecc00000)
  to   space 4096K, 0% used [0x00000000ec400000,0x00000000ec400000,0x00000000ec800000)
 ParOldGen       total 68608K, used 5594K [0x00000000c0000000, 0x00000000c4300000, 0x00000000eab00000)
  object space 68608K, 8% used [0x00000000c0000000,0x00000000c0576b18,0x00000000c4300000)
 Metaspace       used 13826K, committed 14208K, reserved 1064960K
  class space    used 1326K, committed 1472K, reserved 1048576K
}
Event: 79.558 GC heap before
{Heap before GC invocations=3 (full 0):
 PSYoungGen      total 29696K, used 27749K [0x00000000eab00000, 0x00000000ecc00000, 0x0000000100000000)
  eden space 25600K, 92% used [0x00000000eab00000,0x00000000ec21ed50,0x00000000ec400000)
  from space 4096K, 99% used [0x00000000ec800000,0x00000000ecbfa918,0x00000000ecc00000)
  to   space 4096K, 0% used [0x00000000ec400000,0x00000000ec400000,0x00000000ec800000)
 ParOldGen       total 68608K, used 5594K [0x00000000c0000000, 0x00000000c4300000, 0x00000000eab00000)
  object space 68608K, 8% used [0x00000000c0000000,0x00000000c0576b18,0x00000000c4300000)
 Metaspace       used 20809K, committed 21248K, reserved 1073152K
  class space    used 1893K, committed 2112K, reserved 1048576K
}
Event: 79.565 GC heap after
{Heap after GC invocations=3 (full 0):
 PSYoungGen      total 29696K, used 4065K [0x00000000eab00000, 0x00000000ecc00000, 0x0000000100000000)
  eden space 25600K, 0% used [0x00000000eab00000,0x00000000eab00000,0x00000000ec400000)
  from space 4096K, 99% used [0x00000000ec400000,0x00000000ec7f86b8,0x00000000ec800000)
  to   space 4096K, 0% used [0x00000000ec800000,0x00000000ec800000,0x00000000ecc00000)
 ParOldGen       total 68608K, used 6606K [0x00000000c0000000, 0x00000000c4300000, 0x00000000eab00000)
  object space 68608K, 9% used [0x00000000c0000000,0x00000000c0673a00,0x00000000c4300000)
 Metaspace       used 20809K, committed 21248K, reserved 1073152K
  class space    used 1893K, committed 2112K, reserved 1048576K
}
Event: 79.565 GC heap before
{Heap before GC invocations=4 (full 1):
 PSYoungGen      total 29696K, used 4065K [0x00000000eab00000, 0x00000000ecc00000, 0x0000000100000000)
  eden space 25600K, 0% used [0x00000000eab00000,0x00000000eab00000,0x00000000ec400000)
  from space 4096K, 99% used [0x00000000ec400000,0x00000000ec7f86b8,0x00000000ec800000)
  to   space 4096K, 0% used [0x00000000ec800000,0x00000000ec800000,0x00000000ecc00000)
 ParOldGen       total 68608K, used 6606K [0x00000000c0000000, 0x00000000c4300000, 0x00000000eab00000)
  object space 68608K, 9% used [0x00000000c0000000,0x00000000c0673a00,0x00000000c4300000)
 Metaspace       used 20809K, committed 21248K, reserved 1073152K
  class space    used 1893K, committed 2112K, reserved 1048576K
}
Event: 79.631 GC heap after
{Heap after GC invocations=4 (full 1):
 PSYoungGen      total 29696K, used 0K [0x00000000eab00000, 0x00000000ecc00000, 0x0000000100000000)
  eden space 25600K, 0% used [0x00000000eab00000,0x00000000eab00000,0x00000000ec400000)
  from space 4096K, 0% used [0x00000000ec400000,0x00000000ec400000,0x00000000ec800000)
  to   space 4096K, 0% used [0x00000000ec800000,0x00000000ec800000,0x00000000ecc00000)
 ParOldGen       total 68608K, used 10410K [0x00000000c0000000, 0x00000000c4300000, 0x00000000eab00000)
  object space 68608K, 15% used [0x00000000c0000000,0x00000000c0a2a890,0x00000000c4300000)
 Metaspace       used 20809K, committed 21248K, reserved 1073152K
  class space    used 1893K, committed 2112K, reserved 1048576K
}

Deoptimization events (20 events):
Event: 87.276 Thread 0x0000011e8084cdb0 Uncommon trap: trap_request=0xffffff45 fr.pc=0x0000011ef5272840 relative=0x0000000000000120
Event: 87.276 Thread 0x0000011e8084cdb0 Uncommon trap: reason=unstable_if action=reinterpret pc=0x0000011ef5272840 method=java.lang.StringCoding.hasNegatives([BII)Z @ 12 c2
Event: 87.276 Thread 0x0000011e8084cdb0 DEOPT PACKING pc=0x0000011ef5272840 sp=0x000000180eef8330
Event: 87.276 Thread 0x0000011e8084cdb0 DEOPT UNPACKING pc=0x0000011eed7cd42e sp=0x000000180eef82d8 mode 2
Event: 105.750 Thread 0x0000011e8084cdb0 DEOPT PACKING pc=0x0000011eee2a55d6 sp=0x000000180eef8350
Event: 105.750 Thread 0x0000011e8084cdb0 DEOPT UNPACKING pc=0x0000011eed7cdbce sp=0x000000180eef77d8 mode 0
Event: 105.750 Thread 0x0000011e8084cdb0 Uncommon trap: trap_request=0xffffff45 fr.pc=0x0000011ef5278204 relative=0x0000000000002284
Event: 105.750 Thread 0x0000011e8084cdb0 Uncommon trap: reason=unstable_if action=reinterpret pc=0x0000011ef5278204 method=java.util.jar.Manifest$FastInputStream.peek()B @ 23 c2
Event: 105.750 Thread 0x0000011e8084cdb0 DEOPT PACKING pc=0x0000011ef5278204 sp=0x000000180eef84d0
Event: 105.750 Thread 0x0000011e8084cdb0 DEOPT UNPACKING pc=0x0000011eed7cd42e sp=0x000000180eef8458 mode 2
Event: 145.209 Thread 0x0000011e8084cdb0 Uncommon trap: trap_request=0xffffff45 fr.pc=0x0000011ef52e4e38 relative=0x0000000000000098
Event: 145.209 Thread 0x0000011e8084cdb0 Uncommon trap: reason=unstable_if action=reinterpret pc=0x0000011ef52e4e38 method=java.util.jar.Manifest$FastInputStream.peek()B @ 23 c2
Event: 145.209 Thread 0x0000011e8084cdb0 DEOPT PACKING pc=0x0000011ef52e4e38 sp=0x000000180eef83b0
Event: 145.209 Thread 0x0000011e8084cdb0 DEOPT UNPACKING pc=0x0000011eed7cd42e sp=0x000000180eef8340 mode 2
Event: 151.009 Thread 0x0000011e8084cdb0 DEOPT PACKING pc=0x0000011eee2a55d6 sp=0x000000180eef8210
Event: 151.009 Thread 0x0000011e8084cdb0 DEOPT UNPACKING pc=0x0000011eed7cdbce sp=0x000000180eef7698 mode 0
Event: 171.175 Thread 0x0000011e8084cdb0 DEOPT PACKING pc=0x0000011eee2a55d6 sp=0x000000180eef8210
Event: 171.175 Thread 0x0000011e8084cdb0 DEOPT UNPACKING pc=0x0000011eed7cdbce sp=0x000000180eef7698 mode 0
Event: 193.259 Thread 0x0000011e8084cdb0 DEOPT PACKING pc=0x0000011eedffae8c sp=0x000000180eef8f00
Event: 193.260 Thread 0x0000011e8084cdb0 DEOPT UNPACKING pc=0x0000011eed7cdbce sp=0x000000180eef8490 mode 0

Classes unloaded (0 events):
No events

Classes redefined (0 events):
No events

Internal exceptions (20 events):
Event: 23.781 Thread 0x0000011ee5ffbb00 Exception <a 'java/lang/NoSuchMethodError'{0x00000000eba6b210}: 'java.lang.Object java.lang.invoke.DirectMethodHandle$Holder.invokeSpecial(java.lang.Object, java.lang.Object, int, java.lang.Object, java.lang.Object)'> (0x00000000eba6b210) 
thrown [t:\workspace\open\src\hotspot\share\interpreter\linkResolver.cpp, line 790]
Event: 24.424 Thread 0x0000011ee5ffbb00 Exception <a 'java/lang/NoSuchMethodError'{0x00000000ebcd7420}: 'void java.lang.invoke.DirectMethodHandle$Holder.invokeStatic(java.lang.Object, java.lang.Object, java.lang.Object, java.lang.Object)'> (0x00000000ebcd7420) 
thrown [t:\workspace\open\src\hotspot\share\interpreter\linkResolver.cpp, line 790]
Event: 24.648 Thread 0x0000011ee5ffbb00 Exception <a 'java/lang/NoSuchMethodError'{0x00000000ebe87008}: 'java.lang.Object java.lang.invoke.Invokers$Holder.invokeExact_MT(java.lang.Object, java.lang.Object, java.lang.Object, java.lang.Object, java.lang.Object, java.lang.Object)'> (0x00000000ebe87008) 
thrown [t:\workspace\open\src\hotspot\share\interpreter\linkResolver.cpp, line 790]
Event: 26.533 Thread 0x0000011ee5ffbb00 Exception <a 'java/lang/NoSuchMethodError'{0x00000000ec0afa60}: 'java.lang.Object java.lang.invoke.DirectMethodHandle$Holder.newInvokeSpecial(java.lang.Object, int, java.lang.Object)'> (0x00000000ec0afa60) 
thrown [t:\workspace\open\src\hotspot\share\interpreter\linkResolver.cpp, line 790]
Event: 27.796 Thread 0x0000011e808480d0 Implicit null exception at 0x0000011ef527ef7f to 0x0000011ef527f030
Event: 27.803 Thread 0x0000011ee5ffbb00 Exception <a 'java/lang/UnsatisfiedLinkError'{0x00000000eab1fad0}: 'void org.eclipse.equinox.launcher.JNIBridge._update_splash()'> (0x00000000eab1fad0) 
thrown [t:\workspace\open\src\hotspot\share\prims\nativeLookup.cpp, line 541]
Event: 27.808 Thread 0x0000011e8084cdb0 Exception <a 'java/lang/NoSuchMethodError'{0x00000000eabb2a18}: 'java.lang.Object java.lang.invoke.DirectMethodHandle$Holder.newInvokeSpecial(java.lang.Object, java.lang.Object, java.lang.Object, java.lang.Object, int)'> (0x00000000eabb2a18) 
thrown [t:\workspace\open\src\hotspot\share\interpreter\linkResolver.cpp, line 790]
Event: 27.809 Thread 0x0000011e8084cdb0 Exception <a 'java/lang/NoSuchMethodError'{0x00000000eabb6db0}: 'java.lang.Object java.lang.invoke.DirectMethodHandle$Holder.invokeSpecial(java.lang.Object, java.lang.Object, java.lang.Object, java.lang.Object, java.lang.Object, int)'> (0x00000000eabb6db0) 
thrown [t:\workspace\open\src\hotspot\share\interpreter\linkResolver.cpp, line 790]
Event: 27.810 Thread 0x0000011e8084cdb0 Exception <a 'java/lang/NoSuchMethodError'{0x00000000eabba9f0}: 'java.lang.Object java.lang.invoke.Invokers$Holder.linkToTargetMethod(java.lang.Object, java.lang.Object, java.lang.Object, int, java.lang.Object)'> (0x00000000eabba9f0) 
thrown [t:\workspace\open\src\hotspot\share\interpreter\linkResolver.cpp, line 790]
Event: 34.693 Thread 0x0000011e8084cdb0 Exception <a 'java/io/FileNotFoundException'{0x00000000eaffca50}> (0x00000000eaffca50) 
thrown [t:\workspace\open\src\hotspot\share\prims\jni.cpp, line 579]
Event: 62.366 Thread 0x0000011e8084cdb0 Exception <a 'java/lang/NoSuchMethodError'{0x00000000ebea84f8}: 'void java.lang.invoke.DirectMethodHandle$Holder.invokeInterface(java.lang.Object, java.lang.Object, java.lang.Object)'> (0x00000000ebea84f8) 
thrown [t:\workspace\open\src\hotspot\share\interpreter\linkResolver.cpp, line 790]
Event: 67.037 Thread 0x0000011e8084cdb0 Exception <a 'java/io/FileNotFoundException'{0x00000000ec0b1e18}> (0x00000000ec0b1e18) 
thrown [t:\workspace\open\src\hotspot\share\prims\jni.cpp, line 579]
Event: 70.639 Thread 0x0000011e8084cdb0 Exception <a 'java/lang/NoSuchMethodError'{0x00000000ec3cc2b0}: 'int java.lang.invoke.DirectMethodHandle$Holder.invokeStaticInit(java.lang.Object, java.lang.Object, java.lang.Object)'> (0x00000000ec3cc2b0) 
thrown [t:\workspace\open\src\hotspot\share\interpreter\linkResolver.cpp, line 790]
Event: 70.691 Thread 0x0000011e8084cdb0 Exception <a 'java/lang/IncompatibleClassChangeError'{0x00000000eab10748}: Found class java.lang.Object, but interface was expected> (0x00000000eab10748) 
thrown [t:\workspace\open\src\hotspot\share\interpreter\linkResolver.cpp, line 857]
Event: 79.103 Thread 0x0000011e8084cdb0 Exception <a 'java/lang/ClassNotFoundException'{0x00000000ebf9f0b8}: com/sun/org/apache/xerces/internal/impl/msg/spi/DOMMessagesProvider> (0x00000000ebf9f0b8) 
thrown [t:\workspace\open\src\hotspot\share\classfile\systemDictionary.cpp, line 256]
Event: 79.108 Thread 0x0000011e8084cdb0 Exception <a 'java/lang/ClassNotFoundException'{0x00000000ebfb8948}: com/sun/org/apache/xerces/internal/impl/msg/spi/XMLSerializerMessagesProvider> (0x00000000ebfb8948) 
thrown [t:\workspace\open\src\hotspot\share\classfile\systemDictionary.cpp, line 256]
Event: 79.112 Thread 0x0000011e8084cdb0 Exception <a 'java/lang/ClassNotFoundException'{0x00000000ebfc3e60}: com/sun/org/apache/xerces/internal/impl/msg/spi/XMLMessagesProvider> (0x00000000ebfc3e60) 
thrown [t:\workspace\open\src\hotspot\share\classfile\systemDictionary.cpp, line 256]
Event: 79.948 Thread 0x0000011e8084cdb0 Exception <a 'sun/nio/fs/WindowsException'{0x00000000eab6a980}> (0x00000000eab6a980) 
thrown [t:\workspace\open\src\hotspot\share\prims\jni.cpp, line 579]
Event: 80.386 Thread 0x0000011e8084cdb0 Exception <a 'sun/nio/fs/WindowsException'{0x00000000ead6acb8}> (0x00000000ead6acb8) 
thrown [t:\workspace\open\src\hotspot\share\prims\jni.cpp, line 579]
Event: 80.456 Thread 0x0000011e8084cdb0 Exception <a 'java/lang/ClassNotFoundException'{0x00000000eadf3ce0}: com/sun/org/apache/xml/internal/serializer/spi/XMLEntitiesProvider> (0x00000000eadf3ce0) 
thrown [t:\workspace\open\src\hotspot\share\classfile\systemDictionary.cpp, line 256]

Events (20 events):
Event: 182.375 Executing  VM operation: Cleanup done
Event: 183.387 Executing  VM operation: Cleanup
Event: 183.387 Executing  VM operation: Cleanup done
Event: 190.366 loading class java/security/Policy$UnsupportedEmptyCollection
Event: 190.431 loading class java/security/Policy$UnsupportedEmptyCollection done
Event: 190.431 loading class java/security/Policy$PolicyInfo
Event: 190.431 loading class java/security/Policy$PolicyInfo done
Event: 193.259 Executing  VM operation: HandshakeAllThreads
Event: 193.259 Executing  VM operation: HandshakeAllThreads done
Event: 193.259 Executing  VM operation: Cleanup
Event: 193.259 Executing  VM operation: Cleanup done
Event: 194.266 Executing  VM operation: Cleanup
Event: 194.266 Executing  VM operation: Cleanup done
Event: 197.623 loading class java/text/ParseException
Event: 197.715 loading class java/text/ParseException done
Event: 197.968 loading class sun/text/resources/cldr/FormatData_en
Event: 198.094 loading class sun/text/resources/cldr/FormatData_en done
Event: 198.095 loading class sun/text/resources/cldr/FormatData_en_US
Event: 198.095 loading class sun/text/resources/cldr/FormatData_en_US done
Event: 198.281 Executing  VM operation: Cleanup


Dynamic libraries:
0x00007ff76aed0000 - 0x00007ff76aee0000 	C:\Program Files\Java\jdk-16.0.2\bin\java.exe
0x00007ffb6e9d0000 - 0x00007ffb6ebc5000 	C:\WINDOWS\SYSTEM32\ntdll.dll
0x00007ffb6e570000 - 0x00007ffb6e62e000 	C:\WINDOWS\System32\KERNEL32.DLL
0x00007ffb6c0f0000 - 0x00007ffb6c3b9000 	C:\WINDOWS\System32\KERNELBASE.dll
0x00007ffb6c3c0000 - 0x00007ffb6c4c0000 	C:\WINDOWS\System32\ucrtbase.dll
0x00007ffb61060000 - 0x00007ffb61079000 	C:\Program Files\Java\jdk-16.0.2\bin\VCRUNTIME140.dll
0x00007ffb56520000 - 0x00007ffb56538000 	C:\Program Files\Java\jdk-16.0.2\bin\jli.dll
0x00007ffb6e360000 - 0x00007ffb6e40c000 	C:\WINDOWS\System32\ADVAPI32.dll
0x00007ffb6cae0000 - 0x00007ffb6cb7e000 	C:\WINDOWS\System32\msvcrt.dll
0x00007ffb6e4d0000 - 0x00007ffb6e56b000 	C:\WINDOWS\System32\sechost.dll
0x00007ffb6e0f0000 - 0x00007ffb6e21a000 	C:\WINDOWS\System32\RPCRT4.dll
0x00007ffb6e630000 - 0x00007ffb6e7d1000 	C:\WINDOWS\System32\USER32.dll
0x00007ffb6c7b0000 - 0x00007ffb6c7d2000 	C:\WINDOWS\System32\win32u.dll
0x00007ffb6e060000 - 0x00007ffb6e08b000 	C:\WINDOWS\System32\GDI32.dll
0x00007ffb6c7e0000 - 0x00007ffb6c8eb000 	C:\WINDOWS\System32\gdi32full.dll
0x00007ffb6c8f0000 - 0x00007ffb6c98d000 	C:\WINDOWS\System32\msvcp_win.dll
0x00007ffb5f1a0000 - 0x00007ffb5f43a000 	C:\WINDOWS\WinSxS\amd64_microsoft.windows.common-controls_6595b64144ccf1df_6.0.19041.1110_none_60b5254171f9507e\COMCTL32.dll
0x00007ffb62010000 - 0x00007ffb6201a000 	C:\WINDOWS\SYSTEM32\VERSION.dll
0x00007ffb6e410000 - 0x00007ffb6e440000 	C:\WINDOWS\System32\IMM32.DLL
0x00007ffb60ed0000 - 0x00007ffb60edc000 	C:\Program Files\Java\jdk-16.0.2\bin\vcruntime140_1.dll
0x00007ffb36c20000 - 0x00007ffb36cb1000 	C:\Program Files\Java\jdk-16.0.2\bin\msvcp140.dll
0x00007ffb217c0000 - 0x00007ffb2236b000 	C:\Program Files\Java\jdk-16.0.2\bin\server\jvm.dll
0x00007ffb6e7e0000 - 0x00007ffb6e7e8000 	C:\WINDOWS\System32\PSAPI.DLL
0x00007ffb60010000 - 0x00007ffb60019000 	C:\WINDOWS\SYSTEM32\WSOCK32.dll
0x00007ffb61fc0000 - 0x00007ffb61fe7000 	C:\WINDOWS\SYSTEM32\WINMM.dll
0x00007ffb6e920000 - 0x00007ffb6e98b000 	C:\WINDOWS\System32\WS2_32.dll
0x00007ffb69ff0000 - 0x00007ffb6a002000 	C:\WINDOWS\SYSTEM32\kernel.appcore.dll
0x00007ffb60ec0000 - 0x00007ffb60eca000 	C:\Program Files\Java\jdk-16.0.2\bin\jimage.dll
0x00007ffb58c50000 - 0x00007ffb58e34000 	C:\WINDOWS\SYSTEM32\DBGHELP.DLL
0x00007ffb58c20000 - 0x00007ffb58c4c000 	C:\WINDOWS\SYSTEM32\dbgcore.DLL
0x00007ffb6c990000 - 0x00007ffb6ca13000 	C:\WINDOWS\System32\bcryptPrimitives.dll
0x00007ffb5bec0000 - 0x00007ffb5bee5000 	C:\Program Files\Java\jdk-16.0.2\bin\java.dll
0x00007ffb6cd40000 - 0x00007ffb6d47f000 	C:\WINDOWS\System32\SHELL32.dll
0x00007ffb6a1f0000 - 0x00007ffb6a980000 	C:\WINDOWS\SYSTEM32\windows.storage.dll
0x00007ffb6dd00000 - 0x00007ffb6e055000 	C:\WINDOWS\System32\combase.dll
0x00007ffb6ba70000 - 0x00007ffb6ba9c000 	C:\WINDOWS\SYSTEM32\Wldp.dll
0x00007ffb6ca30000 - 0x00007ffb6cadd000 	C:\WINDOWS\System32\SHCORE.dll
0x00007ffb6d650000 - 0x00007ffb6d6a5000 	C:\WINDOWS\System32\shlwapi.dll
0x00007ffb6c030000 - 0x00007ffb6c04f000 	C:\WINDOWS\SYSTEM32\profapi.dll
0x00007ffb5f930000 - 0x00007ffb5f949000 	C:\Program Files\Java\jdk-16.0.2\bin\net.dll
0x00007ffb620e0000 - 0x00007ffb621e8000 	C:\WINDOWS\SYSTEM32\WINHTTP.dll
0x00007ffb6b7d0000 - 0x00007ffb6b83a000 	C:\WINDOWS\system32\mswsock.dll
0x00007ffb5dd70000 - 0x00007ffb5dd83000 	C:\Program Files\Java\jdk-16.0.2\bin\nio.dll
0x00007ffb5bff0000 - 0x00007ffb5c008000 	C:\Program Files\Java\jdk-16.0.2\bin\zip.dll
0x00007ffb6b9c0000 - 0x00007ffb6b9d8000 	C:\WINDOWS\SYSTEM32\CRYPTSP.dll
0x00007ffb6b150000 - 0x00007ffb6b184000 	C:\WINDOWS\system32\rsaenh.dll
0x00007ffb6c570000 - 0x00007ffb6c597000 	C:\WINDOWS\System32\bcrypt.dll
0x00007ffb6bff0000 - 0x00007ffb6c01e000 	C:\WINDOWS\SYSTEM32\USERENV.dll
0x00007ffb6b9e0000 - 0x00007ffb6b9ec000 	C:\WINDOWS\SYSTEM32\CRYPTBASE.dll
0x00007ffb6b4c0000 - 0x00007ffb6b4fb000 	C:\WINDOWS\SYSTEM32\IPHLPAPI.DLL
0x00007ffb6e4c0000 - 0x00007ffb6e4c8000 	C:\WINDOWS\System32\NSI.dll
0x00007ffb63b00000 - 0x00007ffb63b17000 	C:\WINDOWS\SYSTEM32\dhcpcsvc6.DLL
0x00007ffb63680000 - 0x00007ffb6369d000 	C:\WINDOWS\SYSTEM32\dhcpcsvc.DLL
0x00007ffb6b500000 - 0x00007ffb6b5cc000 	C:\WINDOWS\SYSTEM32\DNSAPI.dll
0x00007ffb36ac0000 - 0x00007ffb36afe000 	C:\Users\user\AppData\Roaming\Code\User\globalStorage\redhat.java\1.0.0\config_win\org.eclipse.equinox.launcher\org.eclipse.equinox.launcher.win32.win32.x86_64_1.2.400.v20210928-1041\eclipse_11600.dll
0x00007ffb6cc10000 - 0x00007ffb6cd3a000 	C:\WINDOWS\System32\ole32.dll
0x00007ffb60d10000 - 0x00007ffb60d20000 	C:\Program Files\Java\jdk-16.0.2\bin\verify.dll

dbghelp: loaded successfully - version: 4.0.5 - missing functions: none
symbol engine: initialized successfully - sym options: 0x614 - pdb path: .;C:\Program Files\Java\jdk-16.0.2\bin;C:\WINDOWS\SYSTEM32;C:\WINDOWS\WinSxS\amd64_microsoft.windows.common-controls_6595b64144ccf1df_6.0.19041.1110_none_60b5254171f9507e;C:\Program Files\Java\jdk-16.0.2\bin\server;C:\Users\user\AppData\Roaming\Code\User\globalStorage\redhat.java\1.0.0\config_win\org.eclipse.equinox.launcher\org.eclipse.equinox.launcher.win32.win32.x86_64_1.2.400.v20210928-1041

VM Arguments:
jvm_args: --add-modules=ALL-SYSTEM --add-opens=java.base/java.util=ALL-UNNAMED --add-opens=java.base/java.lang=ALL-UNNAMED -Declipse.application=org.eclipse.jdt.ls.core.id1 -Dosgi.bundles.defaultStartLevel=4 -Declipse.product=org.eclipse.jdt.ls.core.product -Dfile.encoding=utf8 -DwatchParentProcess=false -XX:+UseParallelGC -XX:GCTimeRatio=4 -XX:AdaptiveSizePolicyWeight=90 -Dsun.zip.disableMemoryMapping=true -Xmx1G -Xms100m 
java_command: c:\Users\user\.vscode\extensions\redhat.java-1.0.0\server\plugins\org.eclipse.equinox.launcher_1.6.400.v20210924-0641.jar -configuration c:\Users\user\AppData\Roaming\Code\User\globalStorage\redhat.java\1.0.0\config_win -data c:\Users\user\AppData\Roaming\Code\User\workspaceStorage\3e70f84553d5a5b6e52f2f572402ba21\redhat.java\jdt_ws
java_class_path (initial): c:\Users\user\.vscode\extensions\redhat.java-1.0.0\server\plugins\org.eclipse.equinox.launcher_1.6.400.v20210924-0641.jar
Launcher Type: SUN_STANDARD

[Global flags]
    uintx AdaptiveSizePolicyWeight                 = 90                                        {product} {command line}
     intx CICompilerCount                          = 3                                         {product} {ergonomic}
    uintx GCTimeRatio                              = 4                                         {product} {command line}
   size_t InitialHeapSize                          = 104857600                                 {product} {command line}
   size_t MaxHeapSize                              = 1073741824                                {product} {command line}
   size_t MaxNewSize                               = 357564416                                 {product} {ergonomic}
   size_t MinHeapDeltaBytes                        = 524288                                    {product} {ergonomic}
   size_t MinHeapSize                              = 104857600                                 {product} {command line}
   size_t NewSize                                  = 34603008                                  {product} {ergonomic}
    uintx NonNMethodCodeHeapSize                   = 5832780                                {pd product} {ergonomic}
    uintx NonProfiledCodeHeapSize                  = 122912730                              {pd product} {ergonomic}
   size_t OldSize                                  = 70254592                                  {product} {ergonomic}
    uintx ProfiledCodeHeapSize                     = 122912730                              {pd product} {ergonomic}
    uintx ReservedCodeCacheSize                    = 251658240                              {pd product} {ergonomic}
     bool SegmentedCodeCache                       = true                                      {product} {ergonomic}
   size_t SoftMaxHeapSize                          = 1073741824                             {manageable} {ergonomic}
     bool UseCompressedClassPointers               = true                           {product lp64_product} {ergonomic}
     bool UseCompressedOops                        = true                           {product lp64_product} {ergonomic}
     bool UseLargePagesIndividualAllocation        = false                                  {pd product} {ergonomic}
     bool UseParallelGC                            = true                                      {product} {command line}

Logging:
Log output configuration:
 #0: stdout all=warning uptime,level,tags
 #1: stderr all=off uptime,level,tags

Environment Variables:
PATH=C:\Program Files\Common Files\Oracle\Java\javapath;C:\Program Files (x86)\VMware\VMware Player\bin\;C:\WINDOWS\system32;C:\WINDOWS;C:\WINDOWS\System32\Wbem;C:\WINDOWS\System32\WindowsPowerShell\v1.0\;C:\Program Files (x86)\NVIDIA Corporation\PhysX\Common;C:\Program Files (x86)\Windows Live\Shared;C:\Program Files\Samsung\SamsungLink\AllShare Framework DMS\bin\;C:\WINDOWS\system32;C:\WINDOWS;C:\WINDOWS\System32\Wbem;C:\WINDOWS\System32\WindowsPowerShell\v1.0\;C:\WINDOWS\System32\OpenSSH\;C:\Program Files\Git\cmd;C:\Users\user\AppData\Local\Microsoft\WindowsApps;;C:\Users\user\AppData\Local\Programs\Microsoft VS Code\bin
USERNAME=WARUN.L
OS=Windows_NT
PROCESSOR_IDENTIFIER=Intel64 Family 6 Model 58 Stepping 9, GenuineIntel



---------------  S Y S T E M  ---------------

OS:
 Windows 10 , 64 bit Build 19041 (10.0.19041.1202)
OS uptime: 1 days 1:39 hours

CPU: total 4 (initial active 4) (2 cores per cpu, 2 threads per core) family 6 model 58 stepping 9 microcode 0x21, cx8, cmov, fxsr, ht, mmx, sse, sse2, sse3, ssse3, sse4.1, sse4.2, popcnt, tsc, tscinvbit, avx, erms, clmul, vzeroupper, clflush

Memory: 4k page, system-wide physical 3982M (652M free)
TotalPageFile size 9851M (AvailPageFile size 28M)
current process WorkingSet (physical memory assigned to process): 57M, peak: 121M
current process commit charge ("private bytes"): 222M, peak: 222M

vm_info: Java HotSpot(TM) 64-Bit Server VM (16.0.2+7-67) for windows-amd64 JRE (16.0.2+7-67), built on Jun  8 2021 23:24:19 by "mach5one" with MS VC++ 16.7 (VS2019)

END.
